make all --print-data-base --no-builtin-variables --no-builtin-rules --question
# GNU Make 4.3
# Built for x86_64-pc-linux-gnu
# Copyright (C) 1988-2020 Free Software Foundation, Inc.
# License GPLv3+: GNU GPL version 3 or later <http://gnu.org/licenses/gpl.html>
# This is free software: you are free to change and redistribute it.
# There is NO WARRANTY, to the extent permitted by law.

# Make data base, printed on Sun Sep 18 19:16:52 2022

# Variables

# makefile (from 'Makefile', line 125)
KUSTOMIZE_VERSION = v3.8.7
# environment
GDK_BACKEND = x11
# environment
LC_ALL = C
# environment
GNOME_SHELL_SESSION_MODE = ubuntu
# environment
SSH_AGENT_LAUNCHER = gnome-keyring
# environment
GJS_DEBUG_OUTPUT = stderr
# environment
VSCODE_CWD = /home/nitish
# default
MAKE_COMMAND := make
# environment
QT_ACCESSIBILITY = 1
# environment
GOPATH = /home/nitish/go
# automatic
@D = $(patsubst %/,%,$(dir $@))
# makefile (from 'Makefile', line 5)
IMAGE_NAME = otelcollector-addon
# environment
VSCODE_HANDLES_UNCAUGHT_ERRORS = true
# default
.VARIABLES := 
# environment
PWD = /home/nitish/Open-Cluster-Management/otel-Add-On
# automatic
%D = $(patsubst %/,%,$(dir $%))
# environment
XDG_DATA_DIRS = /usr/share/ubuntu:/home/nitish/.local/share/flatpak/exports/share:/var/lib/flatpak/exports/share:/usr/local/share/:/usr/share/:/var/lib/snapd/desktop
# automatic
^D = $(patsubst %/,%,$(dir $^))
# automatic
%F = $(notdir $%)
# environment
VSCODE_CODE_CACHE_PATH = /home/nitish/.config/Code/CachedData/74b1f979648cc44d385a2286793c226e611f59e7
# environment
LANG = C
# environment
XAUTHORITY = /run/user/1000/.mutter-Xwaylandauth.8OVJS1
# default
.LOADED := 
# default
.INCLUDE_DIRS = /usr/local/include /usr/include /usr/include
# makefile
MAKEFLAGS = pqrR
# makefile (from 'Makefile', line 128)
KUSTOMIZE_INSTALL_SCRIPT = "https://raw.githubusercontent.com/kubernetes-sigs/kustomize/master/hack/install_kustomize.sh"
# makefile
CURDIR := /home/nitish/Open-Cluster-Management/otel-Add-On
# environment
APPLICATION_INSIGHTS_NO_DIAGNOSTIC_CHANNEL = 1
# environment
LESSOPEN = | /usr/bin/lesspipe %s
# automatic
*D = $(patsubst %/,%,$(dir $*))
# environment
MFLAGS = -pqrR
# environment
SSH_AUTH_SOCK = /run/user/1000/keyring/ssh
# makefile (from 'Makefile', line 21)
.SHELLFLAGS = -ec
# environment
WAYLAND_DISPLAY = wayland-0
# environment
XDG_CONFIG_DIRS = /etc/xdg/xdg-ubuntu:/etc/xdg
# automatic
+D = $(patsubst %/,%,$(dir $+))
# environment
XDG_SESSION_DESKTOP = ubuntu
# makefile (from 'Makefile', line 1)
MAKEFILE_LIST := Makefile
# automatic
@F = $(notdir $@)
# environment
VSCODE_PID = 9479
# environment
XDG_SESSION_TYPE = wayland
# automatic
?D = $(patsubst %/,%,$(dir $?))
# makefile (from 'Makefile', line 4)
IMAGE_REGISTRY_NAME = docker.io/nitishchauhan0022
# environment
SESSION_MANAGER = local/nitish-ASUS-TUF-Gaming-A15-FA506II-FA506II:@/tmp/.ICE-unix/3371,unix/nitish-ASUS-TUF-Gaming-A15-FA506II-FA506II:/tmp/.ICE-unix/3371
# automatic
*F = $(notdir $*)
# environment
CHROME_DESKTOP = code-url-handler.desktop
# makefile (from 'Makefile', line 93)
ignore-not-found = false
# environment
DBUS_SESSION_BUS_ADDRESS = unix:path=/run/user/1000/bus
# makefile (from 'Makefile', line 6)
IMAGE_TAG = latest
# automatic
<D = $(patsubst %/,%,$(dir $<))
# makefile (from 'Makefile', line 121)
CONTROLLER_GEN = $(LOCALBIN)/controller-gen
# environment
VSCODE_NLS_CONFIG = {"locale":"en-gb","availableLanguages":{},"_languagePackSupport":true}
# default
MAKE_HOST := x86_64-pc-linux-gnu
# environment
GNOME_DESKTOP_SESSION_ID = this-is-deprecated
# makefile (from 'Makefile', line 20)
SHELL = /usr/bin/env bash -o pipefail
# default
MAKECMDGOALS := all
# environment
XMODIFIERS = @im=ibus
# environment
GJS_DEBUG_TOPICS = JS ERROR;JS LOG
# environment
SHLVL = 0
# environment
MAKELEVEL := 0
# environment
IM_CONFIG_CHECK_ENV = 1
# default
MAKE = $(MAKE_COMMAND)
# environment
PATH = /home/nitish/.local/bin:/home/nitish/.local/bin:/usr/local/sbin:/usr/local/bin:/usr/sbin:/usr/bin:/sbin:/bin:/usr/games:/usr/local/games:/snap/bin:/snap/bin:/usr/local/bin/python:/home/nitish/go/bin:/usr/local/go/bin:/home/nitish/Goland/goland-2022.2/GoLand-2022.2/bin:/usr/local/bin/python:/home/nitish/go/bin:/usr/local/go/bin:/home/nitish/Goland/goland-2022.2/GoLand-2022.2/bin
# makefile (from 'Makefile', line 120)
KUSTOMIZE = $(LOCALBIN)/kustomize
# default
MAKEFILES := 
# environment
LANGUAGE = en_IN:en
# automatic
^F = $(notdir $^)
# makefile (from 'Makefile', line 8)
ENVTEST_K8S_VERSION = 1.24.1
# makefile (from 'Makefile', line 12)
GOBIN = $(shell go env GOPATH)/bin
# makefile (from 'Makefile', line 126)
CONTROLLER_TOOLS_VERSION = v0.9.0
# environment
INVOCATION_ID = f90c2d444ecc4b6ca4c0b73f7e18976a
# environment
USERNAME = nitish
# environment
GNOME_SETUP_DISPLAY = :1
# environment
LESSCLOSE = /usr/bin/lesspipe %s %s
# automatic
?F = $(notdir $?)
# environment
XDG_CURRENT_DESKTOP = Unity
# makefile (from 'Makefile', line 3)
IMG = controller:latest
# environment
LS_COLORS = 
# automatic
+F = $(notdir $+)
# environment
DESKTOP_SESSION = ubuntu
# environment
ORIGINAL_XDG_CURRENT_DESKTOP = ubuntu:GNOME
# 'override' directive
GNUMAKEFLAGS := 
# environment
LOGNAME = nitish
# environment
GIO_LAUNCHED_DESKTOP_FILE = /usr/share/applications/code.desktop
# makefile
.DEFAULT_GOAL := all
# environment
SYSTEMD_EXEC_PID = 3401
# environment
DISPLAY = :0
# environment
USER = nitish
# environment
GTK_MODULES = gail:atk-bridge
# default
MAKE_VERSION := 4.3
# 'override' directive
.SHELLSTATUS := 0
# environment
MANAGERPID = 3033
# environment
GIO_LAUNCHED_DESKTOP_FILE_PID = 9479
# environment
_ = /usr/share/code/code
# environment
XDG_RUNTIME_DIR = /run/user/1000
# environment
JOURNAL_STREAM = 8:39848
# environment
GOMODCACHE = /home/nitish/go/pkg/mod
# environment
XDG_SESSION_CLASS = user
# environment
VSCODE_AMD_ENTRYPOINT = vs/workbench/api/node/extensionHostProcess
# environment
HOME = /home/nitish
# environment
QT_IM_MODULE = ibus
# makefile (from 'Makefile', line 122)
ENVTEST = $(LOCALBIN)/setup-envtest
# environment
ELECTRON_RUN_AS_NODE = 1
# environment
VSCODE_IPC_HOOK = /run/user/1000/vscode-9a542f04-1.71.2-main.sock
# environment
IM_CONFIG_PHASE = 1
# environment
GOPROXY = https://proxy.golang.org,direct
# default
.RECIPEPREFIX := 
# automatic
<F = $(notdir $<)
# default
SUFFIXES := 
# makefile (from 'Makefile', line 115)
LOCALBIN = $(shell pwd)/bin
# default
.FEATURES := target-specific order-only second-expansion else-if shortest-stem undefine oneshell nocomment grouped-target extra-prereqs archives jobserver output-sync check-symlink load
# environment
XDG_MENU_PREFIX = gnome-
# environment
GDMSESSION = ubuntu
# variable set hash-table stats:
# Load=113/1024=11%, Rehash=0, Collisions=7/223=3%

# Pattern-specific Variable Values

# No pattern-specific variable values.

# Directories

# . (device 66308, inode 4590106): 25 files, no impossibilities.

# 25 files, no impossibilities in 1 directories.

# Implicit Rules

# No implicit rules.

# Files

verify: fmt vet golint
#  Implicit rule search has not been done.
#  Modification time never checked.
#  File has not been updated.

deploy: manifests kustomize
#  Phony target (prerequisite of .PHONY).
#  Implicit rule search has not been done.
#  File does not exist.
#  File has not been updated.
#  recipe to execute (from 'Makefile', line 106):
	cd config/manager && $(KUSTOMIZE) edit set image controller=${IMG}
	$(KUSTOMIZE) build config/default | kubectl apply -f -

generate: controller-gen
#  Phony target (prerequisite of .PHONY).
#  Implicit rule search has not been done.
#  File does not exist.
#  File has been updated.
#  Needs to be updated (-q is set).
# variable set hash-table stats:
# Load=0/32=0%, Rehash=0, Collisions=0/8=0%
#  recipe to execute (from 'Makefile', line 51):
 
	$(CONTROLLER_GEN) object:headerFile="hack/boilerplate.go.txt" paths="./pkg/apis/..."

undeploy:
#  Phony target (prerequisite of .PHONY).
#  Implicit rule search has not been done.
#  File does not exist.
#  File has not been updated.
#  recipe to execute (from 'Makefile', line 111):
	$(KUSTOMIZE) build config/default | kubectl delete --ignore-not-found=$(ignore-not-found) -f -

# Not a target:
Makefile:
#  Implicit rule search has been done.
#  Last modified 2022-09-16 14:29:04.291711815
#  File has been updated.
#  Successfully updated.

/home/nitish/Open-Cluster-Management/otel-Add-On/bin/setup-envtest: /home/nitish/Open-Cluster-Management/otel-Add-On/bin
#  Implicit rule search has not been done.
#  Modification time never checked.
#  File has not been updated.
#  recipe to execute (from 'Makefile', line 142):
	GOBIN=$(LOCALBIN) go install sigs.k8s.io/controller-runtime/tools/setup-envtest@latest

/home/nitish/Open-Cluster-Management/otel-Add-On/bin/kustomize: /home/nitish/Open-Cluster-Management/otel-Add-On/bin
#  Implicit rule search has not been done.
#  Modification time never checked.
#  File has not been updated.
#  recipe to execute (from 'Makefile', line 132):
	curl -s $(KUSTOMIZE_INSTALL_SCRIPT) | bash -s -- $(subst v,,$(KUSTOMIZE_VERSION)) $(LOCALBIN)

kustomize: /home/nitish/Open-Cluster-Management/otel-Add-On/bin/kustomize
#  Phony target (prerequisite of .PHONY).
#  Implicit rule search has not been done.
#  File does not exist.
#  File has not been updated.

uninstall: manifests kustomize
#  Phony target (prerequisite of .PHONY).
#  Implicit rule search has not been done.
#  File does not exist.
#  File has not been updated.
#  recipe to execute (from 'Makefile', line 102):
	$(KUSTOMIZE) build config/crd | kubectl delete --ignore-not-found=$(ignore-not-found) -f -

envtest: /home/nitish/Open-Cluster-Management/otel-Add-On/bin/setup-envtest
#  Phony target (prerequisite of .PHONY).
#  Implicit rule search has not been done.
#  File does not exist.
#  File has not been updated.

controller-gen: /home/nitish/Open-Cluster-Management/otel-Add-On/bin/controller-gen
#  Phony target (prerequisite of .PHONY).
#  Implicit rule search has not been done.
#  File does not exist.
#  File has been updated.
#  Needs to be updated (-q is set).
# variable set hash-table stats:
# Load=0/32=0%, Rehash=0, Collisions=0/8=0%

fmt:
#  Phony target (prerequisite of .PHONY).
#  Implicit rule search has not been done.
#  File does not exist.
#  File has not been updated.
#  recipe to execute (from 'Makefile', line 55):
	go fmt ./...

manifests: controller-gen
#  Phony target (prerequisite of .PHONY).
#  Implicit rule search has not been done.
#  File does not exist.
#  File has not been updated.
#  recipe to execute (from 'Makefile', line 47):
	$(CONTROLLER_GEN) rbac:roleName=manager-role crd webhook paths="./..." output:crd:artifacts:config=hack/crd/bases

golint:
#  Implicit rule search has not been done.
#  Modification time never checked.
#  File has not been updated.
#  recipe to execute (from 'Makefile', line 62):
	go install github.com/golangci/golangci-lint/cmd/golangci-lint@v1.45.2
	golangci-lint run --timeout=3m ./...

# Not a target:
.DEFAULT:
#  Implicit rule search has not been done.
#  Modification time never checked.
#  File has not been updated.

all: build
#  Phony target (prerequisite of .PHONY).
#  Command line target.
#  Implicit rule search has not been done.
#  File does not exist.
#  File has been updated.
#  Needs to be updated (-q is set).
# variable set hash-table stats:
# Load=0/32=0%, Rehash=0, Collisions=0/8=0%

help:
#  Phony target (prerequisite of .PHONY).
#  Implicit rule search has not been done.
#  File does not exist.
#  File has not been updated.
#  recipe to execute (from 'Makefile', line 41):
	@awk 'BEGIN {FS = ":.*##"; printf "\nUsage:\n  make \033[36m<target>\033[0m\n"} /^[a-zA-Z_0-9-]+:.*?##/ { printf "  \033[36m%-15s\033[0m %s\n", $$1, $$2 } /^##@/ { printf "\n\033[1m%s\033[0m\n", substr($$0, 5) } ' $(MAKEFILE_LIST)

vet:
#  Phony target (prerequisite of .PHONY).
#  Implicit rule search has not been done.
#  File does not exist.
#  File has not been updated.
#  recipe to execute (from 'Makefile', line 59):
	go vet ./...

build: generate fmt vet
#  Phony target (prerequisite of .PHONY).
#  Implicit rule search has not been done.
#  File does not exist.
#  File has been updated.
#  Needs to be updated (-q is set).
# variable set hash-table stats:
# Load=0/32=0%, Rehash=0, Collisions=0/8=0%
#  recipe to execute (from 'Makefile', line 75):
	go build -o bin/addon-manager cmd/addon-manager/main.go
	go build -o bin/addon-agent cmd/addon-agent/main.go

test: manifests generate fmt vet envtest
#  Phony target (prerequisite of .PHONY).
#  Implicit rule search has not been done.
#  File does not exist.
#  File has not been updated.
#  recipe to execute (from 'Makefile', line 69):
	KUBEBUILDER_ASSETS="$(shell $(ENVTEST) use $(ENVTEST_K8S_VERSION) -p path)" go test ./... -coverprofile cover.out

docker-push:
#  Phony target (prerequisite of .PHONY).
#  Implicit rule search has not been done.
#  File does not exist.
#  File has not been updated.
#  recipe to execute (from 'Makefile', line 88):
	docker push ${IMG}

install: manifests kustomize
#  Phony target (prerequisite of .PHONY).
#  Implicit rule search has not been done.
#  File does not exist.
#  File has not been updated.
#  recipe to execute (from 'Makefile', line 98):
	$(KUSTOMIZE) build config/crd | kubectl apply -f -

docker-build: test
#  Phony target (prerequisite of .PHONY).
#  Implicit rule search has not been done.
#  File does not exist.
#  File has not been updated.
#  recipe to execute (from 'Makefile', line 84):
	docker build -t ${IMG} .

/home/nitish/Open-Cluster-Management/otel-Add-On/bin:
#  Implicit rule search has not been done.
#  Last modified 2022-09-09 13:00:29.343659176
#  File has been updated.
#  Successfully updated.
#  recipe to execute (from 'Makefile', line 117):
	mkdir -p $(LOCALBIN)

# Not a target:
.SUFFIXES:
#  Implicit rule search has not been done.
#  Modification time never checked.
#  File has not been updated.

.PHONY: all help manifests generate fmt vet test build docker-build docker-push install uninstall deploy undeploy kustomize controller-gen envtest
#  Implicit rule search has not been done.
#  Modification time never checked.
#  File has not been updated.

images:
#  Implicit rule search has not been done.
#  Modification time never checked.
#  File has not been updated.
#  recipe to execute (from 'Makefile', line 145):
	docker build \
		-f cmd/Dockerfile \
		--build-arg ADDON_AGENT_IMAGE_NAME=$(IMAGE_REGISTRY_NAME)/$(IMAGE_NAME):$(IMAGE_TAG) \
		-t $(IMAGE_REGISTRY_NAME)/$(IMAGE_NAME):$(IMAGE_TAG) .
	docker push $(IMAGE_REGISTRY_NAME)/$(IMAGE_NAME):$(IMAGE_TAG)

# 'override' directive
/home/nitish/Open-Cluster-Management/otel-Add-On/bin/controller-gen: .SHELLSTATUS := 0
/home/nitish/Open-Cluster-Management/otel-Add-On/bin/controller-gen: /home/nitish/Open-Cluster-Management/otel-Add-On/bin
#  Implicit rule search has not been done.
#  Implicit/static pattern stem: ''
#  Last modified 2022-09-09 13:00:24.72077372
#  File has been updated.
#  Needs to be updated (-q is set).
# automatic
# @ := /home/nitish/Open-Cluster-Management/otel-Add-On/bin/controller-gen
# automatic
# * := 
# automatic
# < := /home/nitish/Open-Cluster-Management/otel-Add-On/bin
# automatic
# + := /home/nitish/Open-Cluster-Management/otel-Add-On/bin
# automatic
# % := 
# automatic
# ^ := /home/nitish/Open-Cluster-Management/otel-Add-On/bin
# automatic
# ? := /home/nitish/Open-Cluster-Management/otel-Add-On/bin
# automatic
# | := 
# variable set hash-table stats:
# Load=9/32=28%, Rehash=0, Collisions=2/17=12%
#  recipe to execute (from 'Makefile', line 137):
	GOBIN=$(LOCALBIN) go install sigs.k8s.io/controller-tools/cmd/controller-gen@$(CONTROLLER_TOOLS_VERSION)

# files hash-table stats:
# Load=28/1024=3%, Rehash=0, Collisions=0/119=0%
# VPATH Search Paths

# No 'vpath' search paths.

# No general ('VPATH' variable) search path.

# strcache buffers: 1 (0) / strings = 54 / storage = 649 B / avg = 12 B
# current buf: size = 8162 B / used = 649 B / count = 54 / avg = 12 B

# strcache performance: lookups = 161 / hit rate = 66%
# hash-table stats:
# Load=54/8192=1%, Rehash=0, Collisions=0/161=0%
# Finished Make data base on Sun Sep 18 19:16:52 2022

 
